<?xml version="1.0" encoding="UTF-8"?>
<!-- Generated by org.testng.reporters.JUnitXMLReporter -->
<testsuite hostname="Ivan-ПК" name="Test1" tests="10" failures="0" timestamp="16 Sep 2016 07:32:01 GMT" time="0.792" errors="0">
  <testcase name="testChangeFeedbackStatus" time="0.622" classname="com.softserve.edu.delivery.service.FeedbackServiceImplTest"/>
  <testcase name="testCopyDTOToFeedback" time="0.0" classname="com.softserve.edu.delivery.service.FeedbackServiceImplTest"/>
  <testcase name="testCopyFeedbackToDTO" time="0.0" classname="com.softserve.edu.delivery.service.FeedbackServiceImplTest"/>
  <testcase name="testDelete" time="0.033" classname="com.softserve.edu.delivery.service.FeedbackServiceImplTest"/>
  <testcase name="testFindAll1" time="0.022" classname="com.softserve.edu.delivery.service.FeedbackServiceImplTest"/>
  <testcase name="testFindAll2" time="0.031" classname="com.softserve.edu.delivery.service.FeedbackServiceImplTest"/>
  <testcase name="testFindOne" time="0.006" classname="com.softserve.edu.delivery.service.FeedbackServiceImplTest"/>
  <testcase name="testGetFeedbackById" time="0.006" classname="com.softserve.edu.delivery.service.FeedbackServiceImplTest"/>
  <testcase name="testSave" time="0.026" classname="com.softserve.edu.delivery.service.FeedbackServiceImplTest"/>
  <testcase name="testUpdate" time="0.017" classname="com.softserve.edu.delivery.service.FeedbackServiceImplTest"/>
</testsuite> <!-- Test1 -->
